TN:
SF:deploy\esm\lib\index.js
FN:2,(anonymous_0)
FN:7,(anonymous_1)
FNF:2
FNH:2
FNDA:1,(anonymous_0)
FNDA:1,(anonymous_1)
DA:2,1
DA:8,1
DA:11,1
LF:3
LH:3
BRDA:12,0,0,1
BRDA:12,0,1,1
BRF:2
BRH:2
end_of_record
TN:
SF:deploy\esm\src\index.js
FN:2,(anonymous_0)
FN:3,(anonymous_1)
FN:7,(anonymous_2)
FN:13,(anonymous_3)
FN:19,(anonymous_4)
FN:40,(anonymous_5)
FN:44,(anonymous_6)
FN:46,(anonymous_7)
FNF:8
FNH:4
FNDA:2,(anonymous_0)
FNDA:2,(anonymous_1)
FNDA:0,(anonymous_2)
FNDA:2,(anonymous_3)
FNDA:9,(anonymous_4)
FNDA:0,(anonymous_5)
FNDA:0,(anonymous_6)
FNDA:0,(anonymous_7)
DA:2,1
DA:3,2
DA:4,2
DA:7,1
DA:8,0
DA:9,0
DA:11,0
DA:13,1
DA:14,2
DA:15,1
DA:17,1
DA:19,1
DA:20,9
DA:22,9
DA:23,2
DA:24,7
DA:25,2
DA:26,5
DA:27,2
DA:28,3
DA:29,1
DA:30,2
DA:31,1
DA:32,1
DA:33,1
DA:36,0
DA:37,0
DA:40,0
DA:41,0
DA:44,0
DA:45,0
DA:46,0
DA:47,0
DA:49,0
DA:50,0
LF:35
LH:22
BRDA:8,0,0,0
BRDA:8,0,1,0
BRDA:14,1,0,1
BRDA:14,1,1,1
BRDA:22,2,0,2
BRDA:22,2,1,7
BRDA:24,3,0,2
BRDA:24,3,1,5
BRDA:26,4,0,2
BRDA:26,4,1,3
BRDA:28,5,0,1
BRDA:28,5,1,2
BRDA:30,6,0,1
BRDA:30,6,1,1
BRDA:32,7,0,1
BRDA:32,7,1,0
BRDA:36,8,0,0
BRDA:36,8,1,0
BRDA:47,9,0,0
BRDA:47,9,1,0
BRDA:49,10,0,0
BRDA:49,10,1,0
BRF:22
BRH:13
end_of_record
